INFO	2021-12-17 19:25:40,006	0	transferLog	[main]	–ó–∞–ø—Ä–æ—Å –Ω–∞ –ø–µ—Ä–µ–≤–æ–¥1639758339D1024691812 Transaction{cardFrom=Card{cardNumber='1231323123132131', amount=Amount{value=10000, currency='RUR'}}, cardToNumber='5456465465465465', amount=Amount{value=10000, currency='RUR'}}
INFO	2021-12-17 19:25:40,371	365	transferLog	[main]	–ü–µ—Ä–µ–≤–æ–¥ –ø–æ–¥—Ç–≤–µ—Ä–∂–¥—ë–Ω ConfirmOperation{operationId='1639758089D-1106446258', code='0000'}
INFO	2021-12-17 19:25:40,376	370	transferLog	[main]	–ü–µ—Ä–µ–≤–æ–¥ –ø–æ–¥—Ç–≤–µ—Ä–∂–¥—ë–Ω ConfirmOperation{operationId='1639758089D-1106446258', code='0000'}
INFO	2021-12-17 19:26:03,907	0	transferLog	[main]	–ó–∞–ø—Ä–æ—Å –Ω–∞ –ø–µ—Ä–µ–≤–æ–¥1639758363D1024691812 Transaction{cardFrom=Card{cardNumber='1231323123132131', amount=Amount{value=10000, currency='RUR'}}, cardToNumber='5456465465465465', amount=Amount{value=10000, currency='RUR'}}
INFO	2021-12-17 19:26:04,235	328	transferLog	[main]	–ü–µ—Ä–µ–≤–æ–¥ –ø–æ–¥—Ç–≤–µ—Ä–∂–¥—ë–Ω ConfirmOperation{operationId='1639758089D-1106446258', code='0001'}
INFO	2021-12-17 19:26:04,240	333	transferLog	[main]	–ü–µ—Ä–µ–≤–æ–¥ –ø–æ–¥—Ç–≤–µ—Ä–∂–¥—ë–Ω ConfirmOperation{operationId='1639758089D-1106446258', code='0001'}
INFO	2021-12-17 19:26:13,811	0	transferLog	[main]	–ó–∞–ø—Ä–æ—Å –Ω–∞ –ø–µ—Ä–µ–≤–æ–¥1639758373D1024691812 Transaction{cardFrom=Card{cardNumber='1231323123132131', amount=Amount{value=10000, currency='RUR'}}, cardToNumber='5456465465465465', amount=Amount{value=10000, currency='RUR'}}
INFO	2021-12-17 19:26:14,135	324	transferLog	[main]	–ü–µ—Ä–µ–≤–æ–¥ –ø–æ–¥—Ç–≤–µ—Ä–∂–¥—ë–Ω ConfirmOperation{operationId='1639758089D-1106446258', code='1234'}
INFO	2021-12-17 19:26:14,142	331	transferLog	[main]	–ü–µ—Ä–µ–≤–æ–¥ –ø–æ–¥—Ç–≤–µ—Ä–∂–¥—ë–Ω ConfirmOperation{operationId='1639758089D-1106446258', code='1234'}
INFO	2021-12-17 19:46:07,844	0	transferLog	[http-nio-5500-exec-1]	–ó–∞–ø—Ä–æ—Å –Ω–∞ –ø–µ—Ä–µ–≤–æ–¥1639759567D-1401684058 Transaction{cardFrom=Card{cardNumber='1231323123132131', amount=Amount{value=100, currency='RUR'}}, cardToNumber='5456465465465465', amount=Amount{value=100, currency='RUR'}}
INFO	2021-12-17 19:50:10,675	0	transferLog	[main]	œÂÂ‚Ó‰ ÔÓ‰Ú‚ÂÊ‰∏Ì ConfirmOperation{operationId='1639758089D-1106446258', code='1234'}
INFO	2021-12-17 19:50:10,677	2	transferLog	[main]	œÂÂ‚Ó‰ ÔÓ‰Ú‚ÂÊ‰∏Ì ConfirmOperation{operationId='1639758089D-1106446258', code='1234'}
INFO	2022-02-27 13:59:58,644	0	ru.netology.fvd.moneytransferservice.repository.MoneyTransferRepository	[http-nio-5500-exec-1]	–ó–∞–ø—Ä–æ—Å –Ω–∞ –ø–µ—Ä–µ–≤–æ–¥1645959598D72403222 Transaction{cardFrom=Card{cardNumber='2222222222222222', amount=Amount{value=3330300, currency='RUR'}}, cardToNumber='3333333333333333', amount=Amount{value=3330300, currency='RUR'}}
INFO	2022-03-17 22:17:12,785	0	ru.netology.fvd.moneytransferservice.repository.MoneyTransferRepository	[http-nio-5500-exec-1]	–ó–ê–ü–†–û–° –ù–ê –ü–ï–†–ï–í–û–î 1647544632D-1196481278 Transaction{cardFrom=Card{cardNumber='1111111111111111', amount=Amount{value=222200, currency='RUR'}}, cardTo=Card{cardNumber='2222222222222222', amount=null}, amount=Amount{value=222200, currency='RUR'}, operation=null}
INFO	2022-03-17 22:22:52,374	339589	ru.netology.fvd.moneytransferservice.repository.MoneyTransferRepository	[http-nio-5500-exec-3]	–ó–ê–ü–†–û–° –ù–ê –ü–ï–†–ï–í–û–î 1647544972D-1196481278 Transaction{cardFrom=Card{cardNumber='1111111111111111', amount=Amount{value=222200, currency='RUR'}}, cardTo=Card{cardNumber='2222222222222222', amount=null}, amount=Amount{value=222200, currency='RUR'}, operation=null}
INFO	2022-03-20 12:39:45,795	0	ru.netology.fvd.moneytransferservice.repository.MoneyTransferRepository	[http-nio-5500-exec-2]	–ó–ê–ü–†–û–° –ù–ê –ü–ï–†–ï–í–û–î 1647769185D766001313 Transaction{cardFrom=Card{cardNumber='1111111111111111', amount=Amount{value=22222200, currency='RUR'}}, cardTo=Card{cardNumber='2222222222222222', amount=null}, amount=Amount{value=22222200, currency='RUR'}, operation=null}
INFO	2022-03-20 12:39:45,819	24	ru.netology.fvd.moneytransferservice.repository.MoneyTransferRepository	[http-nio-5500-exec-4]	–ü–µ—Ä–µ–≤–æ–¥ –ø–æ–¥—Ç–≤–µ—Ä–∂–¥–µ–Ω ConfirmOperation{operationId='1647769185D766001313', code='0000'}
INFO	2022-03-20 13:15:16,367	0	ru.netology.fvd.moneytransferservice.repository.MoneyTransferRepository	[http-nio-5500-exec-4]	–ü–µ—Ä–µ–≤–æ–¥ –ø–æ–¥—Ç–≤–µ—Ä–∂–¥–µ–Ω ConfirmOperation{operationId='Exception', code='0000'}
INFO	2022-03-20 13:17:33,632	0	ru.netology.fvd.moneytransferservice.repository.MoneyTransferRepository	[http-nio-5500-exec-2]	–ü–µ—Ä–µ–≤–æ–¥ –ø–æ–¥—Ç–≤–µ—Ä–∂–¥–µ–Ω ConfirmOperation{operationId='Exception', code='0000'}
INFO	2022-03-20 13:25:10,905	0	ru.netology.fvd.moneytransferservice.repository.MoneyTransferRepository	[http-nio-5500-exec-2]	–ü–µ—Ä–µ–≤–æ–¥ –ø–æ–¥—Ç–≤–µ—Ä–∂–¥–µ–Ω ConfirmOperation{operationId='null', code='0000'}
